  [1m[35m (1315.3ms)[0m  [1m[35mCREATE DATABASE "my_99_cats_development" ENCODING = 'unicode'[0m
  ↳ bin/rails:9
  [1m[35m (249.3ms)[0m  [1m[35mCREATE DATABASE "my_99_cats_test" ENCODING = 'unicode'[0m
  ↳ bin/rails:9
  [1m[35m (119.1ms)[0m  [1m[35mCREATE TABLE "schema_migrations" ("version" character varying NOT NULL PRIMARY KEY)[0m
  ↳ bin/rails:9
  [1m[35m (4.2ms)[0m  [1m[35mCREATE TABLE "ar_internal_metadata" ("key" character varying NOT NULL PRIMARY KEY, "value" character varying, "created_at" timestamp NOT NULL, "updated_at" timestamp NOT NULL)[0m
  ↳ bin/rails:9
  [1m[35m (34.7ms)[0m  [1m[34mSELECT pg_try_advisory_lock(1845222426393959760)[0m
  ↳ bin/rails:9
  [1m[35m (12.5ms)[0m  [1m[34mSELECT "schema_migrations"."version" FROM "schema_migrations" ORDER BY "schema_migrations"."version" ASC[0m
  ↳ bin/rails:9
Migrating to CreateCats (20180911183807)
  [1m[35m (0.2ms)[0m  [1m[35mBEGIN[0m
  ↳ bin/rails:9
  [1m[35m (71.5ms)[0m  [1m[35mCREATE TABLE "cats" ("id" bigserial primary key, "birth_date" date NOT NULL, "color" character varying NOT NULL, "name" character varying NOT NULL, "sex" character varying(1) NOT NULL, "description" text NOT NULL, "created_at" timestamp NOT NULL, "updated_at" timestamp NOT NULL)[0m
  ↳ db/migrate/20180911183807_create_cats.rb:3
  [1m[36mActiveRecord::SchemaMigration Create (0.6ms)[0m  [1m[32mINSERT INTO "schema_migrations" ("version") VALUES ($1) RETURNING "version"[0m  [["version", "20180911183807"]]
  ↳ bin/rails:9
  [1m[35m (0.8ms)[0m  [1m[35mCOMMIT[0m
  ↳ bin/rails:9
  [1m[36mActiveRecord::InternalMetadata Load (32.3ms)[0m  [1m[34mSELECT  "ar_internal_metadata".* FROM "ar_internal_metadata" WHERE "ar_internal_metadata"."key" = $1 LIMIT $2[0m  [["key", "environment"], ["LIMIT", 1]]
  ↳ bin/rails:9
  [1m[35m (0.2ms)[0m  [1m[35mBEGIN[0m
  ↳ bin/rails:9
  [1m[36mActiveRecord::InternalMetadata Create (0.6ms)[0m  [1m[32mINSERT INTO "ar_internal_metadata" ("key", "value", "created_at", "updated_at") VALUES ($1, $2, $3, $4) RETURNING "key"[0m  [["key", "environment"], ["value", "development"], ["created_at", "2018-09-11 18:44:54.840572"], ["updated_at", "2018-09-11 18:44:54.840572"]]
  ↳ bin/rails:9
  [1m[35m (0.5ms)[0m  [1m[35mCOMMIT[0m
  ↳ bin/rails:9
  [1m[35m (0.3ms)[0m  [1m[34mSELECT pg_advisory_unlock(1845222426393959760)[0m
  ↳ bin/rails:9
  [1m[35m (0.6ms)[0m  [1m[34mSELECT "schema_migrations"."version" FROM "schema_migrations" ORDER BY "schema_migrations"."version" ASC[0m
  ↳ bin/rails:9
  [1m[35m (0.3ms)[0m  [1m[35mBEGIN[0m
  [1m[35m (0.3ms)[0m  [1m[31mROLLBACK[0m
  [1m[35m (0.3ms)[0m  [1m[35mBEGIN[0m
  [1m[35m (0.3ms)[0m  [1m[31mROLLBACK[0m
  [1m[35m (0.2ms)[0m  [1m[35mBEGIN[0m
  [1m[35m (0.2ms)[0m  [1m[31mROLLBACK[0m
  [1m[35m (0.2ms)[0m  [1m[35mBEGIN[0m
  [1m[35m (0.3ms)[0m  [1m[31mROLLBACK[0m
  [1m[35m (0.2ms)[0m  [1m[35mBEGIN[0m
  [1m[36mCat Create (17.5ms)[0m  [1m[32mINSERT INTO "cats" ("birth_date", "color", "name", "sex", "description", "created_at", "updated_at") VALUES ($1, $2, $3, $4, $5, $6, $7) RETURNING "id"[0m  [["birth_date", "1985-07-04"], ["color", "tabby"], ["name", "Garfield"], ["sex", "M"], ["description", "A grumpy and fat tabby cat with a spinless owner"], ["created_at", "2018-09-11 20:55:13.156452"], ["updated_at", "2018-09-11 20:55:13.156452"]]
  [1m[35m (28.3ms)[0m  [1m[35mCOMMIT[0m
Started GET "/" for 127.0.0.1 at 2018-09-11 14:05:17 -0700
  [1m[35m (19.2ms)[0m  [1m[34mSELECT "schema_migrations"."version" FROM "schema_migrations" ORDER BY "schema_migrations"."version" ASC[0m
  ↳ /usr/local/var/rbenv/versions/2.5.0/lib/ruby/gems/2.5.0/gems/activerecord-5.2.1/lib/active_record/log_subscriber.rb:98
Processing by Rails::WelcomeController#index as HTML
  Rendering /usr/local/var/rbenv/versions/2.5.0/lib/ruby/gems/2.5.0/gems/railties-5.2.1/lib/rails/templates/rails/welcome/index.html.erb
  Rendered /usr/local/var/rbenv/versions/2.5.0/lib/ruby/gems/2.5.0/gems/railties-5.2.1/lib/rails/templates/rails/welcome/index.html.erb (15.9ms)
Completed 200 OK in 98ms (Views: 60.5ms | ActiveRecord: 0.0ms)


Started GET "/cats" for 127.0.0.1 at 2018-09-11 14:05:24 -0700
Processing by CatsController#index as HTML
Completed 500 Internal Server Error in 47ms (ActiveRecord: 0.0ms)



NameError - uninitialized constant CatsController::Cat:
  app/controllers/cats_controller.rb:5:in `index'

Started POST "/__better_errors/1fe980abf2848842/variables" for 127.0.0.1 at 2018-09-11 14:05:25 -0700
  [1m[36mCat Load (0.8ms)[0m  [1m[34mSELECT "cats".* FROM "cats"[0m
Started GET "/cats" for 127.0.0.1 at 2018-09-11 14:16:15 -0700
Processing by CatsController#index as HTML
  [1m[36mCat Load (1.0ms)[0m  [1m[34mSELECT "cats".* FROM "cats"[0m
  ↳ app/controllers/cats_controller.rb:6
Completed 200 OK in 79ms (Views: 19.3ms | ActiveRecord: 10.9ms)


Started GET "/cats" for 127.0.0.1 at 2018-09-11 14:16:40 -0700
Processing by CatsController#index as HTML
  [1m[36mCat Load (0.4ms)[0m  [1m[34mSELECT "cats".* FROM "cats"[0m
  ↳ app/controllers/cats_controller.rb:6
Completed 200 OK in 2ms (Views: 1.0ms | ActiveRecord: 0.4ms)


Started GET "/cats" for 127.0.0.1 at 2018-09-11 14:17:34 -0700
Processing by CatsController#index as HTML
  [1m[36mCat Load (0.4ms)[0m  [1m[34mSELECT "cats".* FROM "cats"[0m
  ↳ app/controllers/cats_controller.rb:6
Completed 200 OK in 2ms (Views: 1.3ms | ActiveRecord: 0.4ms)


Started GET "/cats" for 127.0.0.1 at 2018-09-11 14:17:37 -0700
Processing by CatsController#index as HTML
  [1m[36mCat Load (0.4ms)[0m  [1m[34mSELECT "cats".* FROM "cats"[0m
  ↳ app/controllers/cats_controller.rb:6
Completed 200 OK in 2ms (Views: 1.2ms | ActiveRecord: 0.4ms)


Started GET "/cats" for 127.0.0.1 at 2018-09-11 14:17:38 -0700
Processing by CatsController#index as HTML
  [1m[36mCat Load (0.4ms)[0m  [1m[34mSELECT "cats".* FROM "cats"[0m
  ↳ app/controllers/cats_controller.rb:6
Completed 200 OK in 2ms (Views: 1.1ms | ActiveRecord: 0.4ms)


Started GET "/cats" for 127.0.0.1 at 2018-09-11 14:17:53 -0700
Processing by CatsController#index as HTML
Completed 500 Internal Server Error in 18ms (ActiveRecord: 0.0ms)



NameError - uninitialized constant CatsController::Cattrert:
  app/controllers/cats_controller.rb:5:in `index'

Started POST "/__better_errors/ba2c8d9bac76620d/variables" for 127.0.0.1 at 2018-09-11 14:17:53 -0700
Started GET "/cats" for 127.0.0.1 at 2018-09-11 14:18:03 -0700
Processing by CatsController#index as HTML
  [1m[36mCat Load (0.4ms)[0m  [1m[34mSELECT "cats".* FROM "cats"[0m
  ↳ app/controllers/cats_controller.rb:6
Completed 200 OK in 44ms (Views: 8.7ms | ActiveRecord: 6.2ms)


Started GET "/cats?=1" for 127.0.0.1 at 2018-09-11 14:22:48 -0700
Processing by CatsController#index as HTML
  [1m[36mCat Load (0.4ms)[0m  [1m[34mSELECT "cats".* FROM "cats"[0m
  ↳ app/controllers/cats_controller.rb:5
Completed 200 OK in 55ms (Views: 8.3ms | ActiveRecord: 5.8ms)


Started GET "/cats" for 127.0.0.1 at 2018-09-11 14:35:00 -0700
  [1m[35m (47.0ms)[0m  [1m[34mSELECT "schema_migrations"."version" FROM "schema_migrations" ORDER BY "schema_migrations"."version" ASC[0m
  ↳ /usr/local/var/rbenv/versions/2.5.0/lib/ruby/gems/2.5.0/gems/activerecord-5.2.1/lib/active_record/log_subscriber.rb:98
Processing by CatsController#index as */*
  [1m[36mCat Load (67.9ms)[0m  [1m[34mSELECT "cats".* FROM "cats"[0m
  ↳ app/controllers/cats_controller.rb:5
Completed 200 OK in 282ms (Views: 51.2ms | ActiveRecord: 145.2ms)


Started GET "/cats" for 127.0.0.1 at 2018-09-11 14:35:43 -0700
Processing by CatsController#index as */*
  [1m[36mCat Load (0.9ms)[0m  [1m[34mSELECT "cats".* FROM "cats"[0m
  ↳ app/controllers/cats_controller.rb:5
Completed 200 OK in 4ms (Views: 2.2ms | ActiveRecord: 0.9ms)


Started GET "/cats" for 127.0.0.1 at 2018-09-11 14:35:52 -0700
Processing by CatsController#index as */*
  [1m[36mCat Load (0.6ms)[0m  [1m[34mSELECT "cats".* FROM "cats"[0m
  ↳ app/controllers/cats_controller.rb:5
Completed 200 OK in 4ms (Views: 2.5ms | ActiveRecord: 0.6ms)


Started GET "/cats" for 127.0.0.1 at 2018-09-11 14:35:59 -0700
Processing by CatsController#index as */*
  [1m[36mCat Load (0.4ms)[0m  [1m[34mSELECT "cats".* FROM "cats"[0m
  ↳ app/controllers/cats_controller.rb:5
Completed 200 OK in 3ms (Views: 1.7ms | ActiveRecord: 0.4ms)


Started GET "/cats?id=2" for 127.0.0.1 at 2018-09-11 14:37:14 -0700
Processing by CatsController#index as */*
  Parameters: {"id"=>"2"}
  [1m[36mCat Load (0.6ms)[0m  [1m[34mSELECT "cats".* FROM "cats"[0m
  ↳ app/controllers/cats_controller.rb:5
Completed 200 OK in 4ms (Views: 2.3ms | ActiveRecord: 0.6ms)


  [1m[35m (53.5ms)[0m  [1m[35mBEGIN[0m
  [1m[36mCat Create (137.5ms)[0m  [1m[32mINSERT INTO "cats" ("birth_date", "color", "name", "sex", "description", "created_at", "updated_at") VALUES ($1, $2, $3, $4, $5, $6, $7) RETURNING "id"[0m  [["birth_date", "2001-05-07"], ["color", "black_and_white"], ["name", "Tibs"], ["sex", "F"], ["description", "a cute little old kitten"], ["created_at", "2018-09-11 21:40:27.096734"], ["updated_at", "2018-09-11 21:40:27.096734"]]
  [1m[35m (0.6ms)[0m  [1m[35mCOMMIT[0m
Started POST "/cats?id=2" for 127.0.0.1 at 2018-09-11 14:40:34 -0700

AbstractController::ActionNotFound - The action 'create' could not be found for CatsController:

Started GET "/cats?id=2" for 127.0.0.1 at 2018-09-11 14:40:43 -0700
Processing by CatsController#index as */*
  Parameters: {"id"=>"2"}
  [1m[36mCat Load (0.5ms)[0m  [1m[34mSELECT "cats".* FROM "cats"[0m
  ↳ app/controllers/cats_controller.rb:5
Completed 200 OK in 4ms (Views: 2.7ms | ActiveRecord: 0.5ms)


Started GET "/cats?id=2" for 127.0.0.1 at 2018-09-11 14:45:03 -0700
Processing by CatsController#index as */*
  Parameters: {"id"=>"2"}
  [1m[36mCat Load (0.5ms)[0m  [1m[34mSELECT "cats".* FROM "cats"[0m
  ↳ app/controllers/cats_controller.rb:5
Completed 200 OK in 61ms (Views: 8.8ms | ActiveRecord: 11.2ms)


Started GET "/cats?id=2" for 127.0.0.1 at 2018-09-11 14:45:54 -0700
Processing by CatsController#index as */*
  Parameters: {"id"=>"2"}
  [1m[36mCat Load (0.9ms)[0m  [1m[34mSELECT "cats".* FROM "cats"[0m
  ↳ app/controllers/cats_controller.rb:5
Completed 200 OK in 4ms (Views: 2.6ms | ActiveRecord: 0.9ms)


Started GET "/cats?id=1" for 127.0.0.1 at 2018-09-11 14:46:03 -0700
Processing by CatsController#index as */*
  Parameters: {"id"=>"1"}
  [1m[36mCat Load (0.4ms)[0m  [1m[34mSELECT "cats".* FROM "cats"[0m
  ↳ app/controllers/cats_controller.rb:5
Completed 200 OK in 3ms (Views: 1.7ms | ActiveRecord: 0.4ms)


Started GET "/cats?id=1" for 127.0.0.1 at 2018-09-11 14:46:56 -0700
Processing by CatsController#index as */*
  Parameters: {"id"=>"1"}
  [1m[36mCat Load (0.4ms)[0m  [1m[34mSELECT "cats".* FROM "cats"[0m
  ↳ app/controllers/cats_controller.rb:5
Completed 200 OK in 19ms (Views: 9.7ms | ActiveRecord: 6.5ms)


Started GET "/cats?id=1" for 127.0.0.1 at 2018-09-11 14:47:10 -0700
Processing by CatsController#index as */*
  Parameters: {"id"=>"1"}
  [1m[36mCat Load (0.5ms)[0m  [1m[34mSELECT "cats".* FROM "cats"[0m
  ↳ app/controllers/cats_controller.rb:5
Completed 200 OK in 3ms (Views: 2.0ms | ActiveRecord: 0.5ms)


Started GET "/cats?id=1" for 127.0.0.1 at 2018-09-11 14:48:05 -0700
  [1m[35m (1.0ms)[0m  [1m[34mSELECT "schema_migrations"."version" FROM "schema_migrations" ORDER BY "schema_migrations"."version" ASC[0m
  ↳ /usr/local/var/rbenv/versions/2.5.0/lib/ruby/gems/2.5.0/gems/activerecord-5.2.1/lib/active_record/log_subscriber.rb:98
Processing by CatsController#index as */*
  Parameters: {"id"=>"1"}
  [1m[36mCat Load (0.8ms)[0m  [1m[34mSELECT "cats".* FROM "cats"[0m
  ↳ app/controllers/cats_controller.rb:5
Completed 200 OK in 65ms (Views: 32.7ms | ActiveRecord: 21.9ms)


Started GET "/cats?id=1" for 127.0.0.1 at 2018-09-11 14:48:54 -0700
Processing by CatsController#index as */*
  Parameters: {"id"=>"1"}
  Rendering cats/index.html.erb within layouts/application
  Rendered cats/index.html.erb within layouts/application (1.2ms)
Completed 200 OK in 895ms (Views: 853.6ms | ActiveRecord: 0.0ms)


Started GET "/cats?id=1" for 127.0.0.1 at 2018-09-11 14:49:32 -0700
Processing by CatsController#index as */*
  Parameters: {"id"=>"1"}
  [1m[36mCat Load (3.2ms)[0m  [1m[34mSELECT "cats".* FROM "cats"[0m
  ↳ app/controllers/cats_controller.rb:5
Completed 200 OK in 51ms (Views: 24.8ms | ActiveRecord: 20.7ms)


Started GET "/cats" for 127.0.0.1 at 2018-09-11 14:52:02 -0700
Processing by CatsController#index as */*
  [1m[36mCat Load (0.7ms)[0m  [1m[34mSELECT "cats".* FROM "cats"[0m
  ↳ app/controllers/cats_controller.rb:5
Completed 200 OK in 5ms (Views: 2.9ms | ActiveRecord: 0.7ms)


Started GET "/cats?id=1" for 127.0.0.1 at 2018-09-11 14:52:18 -0700
Processing by CatsController#index as */*
  Parameters: {"id"=>"1"}
  [1m[36mCat Load (0.5ms)[0m  [1m[34mSELECT "cats".* FROM "cats"[0m
  ↳ app/controllers/cats_controller.rb:5
Completed 200 OK in 3ms (Views: 1.8ms | ActiveRecord: 0.5ms)


Started GET "/cat?id=1" for 127.0.0.1 at 2018-09-11 14:52:38 -0700
  
ActionController::RoutingError (No route matches [GET] "/cat"):
  
actionpack (5.2.1) lib/action_dispatch/middleware/debug_exceptions.rb:65:in `call'
web-console (3.7.0) lib/web_console/middleware.rb:135:in `call_app'
web-console (3.7.0) lib/web_console/middleware.rb:30:in `block in call'
web-console (3.7.0) lib/web_console/middleware.rb:20:in `catch'
web-console (3.7.0) lib/web_console/middleware.rb:20:in `call'
actionpack (5.2.1) lib/action_dispatch/middleware/show_exceptions.rb:33:in `call'
railties (5.2.1) lib/rails/rack/logger.rb:38:in `call_app'
railties (5.2.1) lib/rails/rack/logger.rb:26:in `block in call'
activesupport (5.2.1) lib/active_support/tagged_logging.rb:71:in `block in tagged'
activesupport (5.2.1) lib/active_support/tagged_logging.rb:28:in `tagged'
activesupport (5.2.1) lib/active_support/tagged_logging.rb:71:in `tagged'
railties (5.2.1) lib/rails/rack/logger.rb:26:in `call'
sprockets-rails (3.2.1) lib/sprockets/rails/quiet_assets.rb:13:in `call'
actionpack (5.2.1) lib/action_dispatch/middleware/remote_ip.rb:81:in `call'
actionpack (5.2.1) lib/action_dispatch/middleware/request_id.rb:27:in `call'
rack (2.0.5) lib/rack/method_override.rb:22:in `call'
rack (2.0.5) lib/rack/runtime.rb:22:in `call'
activesupport (5.2.1) lib/active_support/cache/strategy/local_cache_middleware.rb:29:in `call'
actionpack (5.2.1) lib/action_dispatch/middleware/executor.rb:14:in `call'
actionpack (5.2.1) lib/action_dispatch/middleware/static.rb:127:in `call'
rack (2.0.5) lib/rack/sendfile.rb:111:in `call'
railties (5.2.1) lib/rails/engine.rb:524:in `call'
puma (3.12.0) lib/puma/configuration.rb:225:in `call'
puma (3.12.0) lib/puma/server.rb:658:in `handle_request'
puma (3.12.0) lib/puma/server.rb:472:in `process_client'
puma (3.12.0) lib/puma/server.rb:332:in `block in run'
puma (3.12.0) lib/puma/thread_pool.rb:133:in `block in spawn_thread'
Started GET "/cats?id=99" for 127.0.0.1 at 2018-09-11 14:53:32 -0700
Processing by CatsController#index as */*
  Parameters: {"id"=>"99"}
  [1m[36mCat Load (1.4ms)[0m  [1m[34mSELECT "cats".* FROM "cats"[0m
  ↳ app/controllers/cats_controller.rb:5
Completed 200 OK in 7ms (Views: 5.1ms | ActiveRecord: 1.4ms)


Started GET "/cats?id=0" for 127.0.0.1 at 2018-09-11 14:54:15 -0700
Processing by CatsController#index as */*
  Parameters: {"id"=>"0"}
  [1m[36mCat Load (1.6ms)[0m  [1m[34mSELECT "cats".* FROM "cats"[0m
  ↳ app/controllers/cats_controller.rb:5
Completed 200 OK in 5ms (Views: 2.2ms | ActiveRecord: 1.6ms)


Started GET "/cats?id=0" for 127.0.0.1 at 2018-09-11 14:54:19 -0700
Processing by CatsController#index as */*
  Parameters: {"id"=>"0"}
  [1m[36mCat Load (0.4ms)[0m  [1m[34mSELECT "cats".* FROM "cats"[0m
  ↳ app/controllers/cats_controller.rb:5
Completed 200 OK in 3ms (Views: 1.6ms | ActiveRecord: 0.4ms)


Started GET "/cats?id=1" for 127.0.0.1 at 2018-09-11 14:54:23 -0700
Processing by CatsController#index as */*
  Parameters: {"id"=>"1"}
  [1m[36mCat Load (0.4ms)[0m  [1m[34mSELECT "cats".* FROM "cats"[0m
  ↳ app/controllers/cats_controller.rb:5
Completed 200 OK in 3ms (Views: 1.8ms | ActiveRecord: 0.4ms)


Started GET "/cats?id=1" for 127.0.0.1 at 2018-09-11 14:54:59 -0700
Processing by CatsController#index as */*
  Parameters: {"id"=>"1"}
  [1m[36mCat Load (0.5ms)[0m  [1m[34mSELECT "cats".* FROM "cats"[0m
  ↳ app/controllers/cats_controller.rb:5
Completed 200 OK in 51ms (Views: 14.0ms | ActiveRecord: 7.1ms)


Started GET "/cats?id=1" for 127.0.0.1 at 2018-09-11 14:55:23 -0700
Processing by CatsController#index as */*
  Parameters: {"id"=>"1"}
  [1m[36mCat Load (0.7ms)[0m  [1m[34mSELECT "cats".* FROM "cats"[0m
  ↳ app/controllers/cats_controller.rb:5
Completed 200 OK in 26ms (Views: 14.1ms | ActiveRecord: 6.8ms)


Started GET "/cats?id=1" for 127.0.0.1 at 2018-09-11 14:55:42 -0700
Processing by CatsController#index as */*
  Parameters: {"id"=>"1"}
  [1m[36mCat Load (0.4ms)[0m  [1m[34mSELECT "cats".* FROM "cats"[0m
  ↳ app/controllers/cats_controller.rb:5
Completed 200 OK in 25ms (Views: 12.1ms | ActiveRecord: 6.6ms)


Started GET "/cats?id=1" for 127.0.0.1 at 2018-09-11 14:59:15 -0700
Processing by CatsController#index as */*
  Parameters: {"id"=>"1"}
  [1m[36mCat Load (0.4ms)[0m  [1m[34mSELECT "cats".* FROM "cats"[0m
  ↳ app/controllers/cats_controller.rb:5
Completed 200 OK in 21ms (Views: 10.6ms | ActiveRecord: 6.7ms)


Started GET "/cats?id=1" for 127.0.0.1 at 2018-09-11 14:59:30 -0700
Processing by CatsController#index as */*
  Parameters: {"id"=>"1"}
  [1m[36mCat Load (0.5ms)[0m  [1m[34mSELECT "cats".* FROM "cats"[0m
  ↳ app/controllers/cats_controller.rb:5
Completed 200 OK in 26ms (Views: 12.7ms | ActiveRecord: 8.5ms)


Started GET "/cats?id=1" for 127.0.0.1 at 2018-09-11 14:59:38 -0700
Processing by CatsController#index as */*
  Parameters: {"id"=>"1"}
  Rendering cats/index.html.erb within layouts/application
  Rendered cats/index.html.erb within layouts/application (0.5ms)
Completed 200 OK in 79ms (Views: 54.8ms | ActiveRecord: 0.0ms)


Started GET "/cats" for 127.0.0.1 at 2018-09-11 15:01:05 -0700
Processing by CatsController#index as */*
  [1m[36mCat Load (0.6ms)[0m  [1m[34mSELECT "cats".* FROM "cats"[0m
  ↳ app/controllers/cats_controller.rb:5
Completed 200 OK in 44ms (Views: 9.6ms | ActiveRecord: 6.3ms)


Started GET "/cats?id=1" for 127.0.0.1 at 2018-09-11 15:02:24 -0700
Processing by CatsController#index as */*
  Parameters: {"id"=>"1"}
  [1m[36mCat Load (0.8ms)[0m  [1m[34mSELECT "cats".* FROM "cats"[0m
  ↳ app/controllers/cats_controller.rb:5
Completed 200 OK in 4ms (Views: 2.5ms | ActiveRecord: 0.8ms)


Started GET "/cats?id=2" for 127.0.0.1 at 2018-09-11 15:02:30 -0700
Processing by CatsController#index as */*
  Parameters: {"id"=>"2"}
  [1m[36mCat Load (0.8ms)[0m  [1m[34mSELECT "cats".* FROM "cats"[0m
  ↳ app/controllers/cats_controller.rb:5
Completed 200 OK in 4ms (Views: 2.6ms | ActiveRecord: 0.8ms)


Started GET "/cats?id=2" for 127.0.0.1 at 2018-09-11 15:02:47 -0700
Processing by CatsController#index as */*
  Parameters: {"id"=>"2"}
  [1m[36mCat Load (0.4ms)[0m  [1m[34mSELECT "cats".* FROM "cats"[0m
  ↳ app/controllers/cats_controller.rb:5
Completed 200 OK in 3ms (Views: 2.0ms | ActiveRecord: 0.4ms)


Started GET "/cats" for 127.0.0.1 at 2018-09-11 15:02:53 -0700
Processing by CatsController#index as */*
  [1m[36mCat Load (0.7ms)[0m  [1m[34mSELECT "cats".* FROM "cats"[0m
  ↳ app/controllers/cats_controller.rb:5
Completed 200 OK in 3ms (Views: 2.2ms | ActiveRecord: 0.7ms)


Started GET "/cats" for 127.0.0.1 at 2018-09-11 15:02:56 -0700
Processing by CatsController#index as */*
  [1m[36mCat Load (1.0ms)[0m  [1m[34mSELECT "cats".* FROM "cats"[0m
  ↳ app/controllers/cats_controller.rb:5
Completed 200 OK in 3ms (Views: 1.7ms | ActiveRecord: 1.0ms)


Started GET "/cats" for 127.0.0.1 at 2018-09-11 15:03:25 -0700
Processing by CatsController#index as */*
  Rendering cats/index.html.erb within layouts/application
  Rendered cats/index.html.erb within layouts/application (0.6ms)
Completed 200 OK in 88ms (Views: 56.4ms | ActiveRecord: 0.0ms)


Started GET "/cats" for 127.0.0.1 at 2018-09-11 15:03:43 -0700
Processing by CatsController#index as */*
  [1m[36mCat Load (0.5ms)[0m  [1m[34mSELECT "cats".* FROM "cats"[0m
  ↳ app/controllers/cats_controller.rb:5
Completed 200 OK in 44ms (Views: 7.8ms | ActiveRecord: 6.1ms)


Started GET "/cats" for 127.0.0.1 at 2018-09-11 15:04:35 -0700
Processing by CatsController#index as */*
Completed 500 Internal Server Error in 1ms (ActiveRecord: 0.0ms)



RuntimeError - :
  app/controllers/cats_controller.rb:4:in `index'

Started GET "/cats" for 127.0.0.1 at 2018-09-11 15:05:16 -0700
Processing by CatsController#index as */*
  [1m[36mCat Load (0.4ms)[0m  [1m[34mSELECT "cats".* FROM "cats"[0m
  ↳ app/controllers/cats_controller.rb:6
Completed 200 OK in 55ms (Views: 8.5ms | ActiveRecord: 5.7ms)


Started GET "/cats" for 127.0.0.1 at 2018-09-11 15:05:41 -0700
Processing by CatsController#index as */*
  [1m[36mCat Load (0.4ms)[0m  [1m[34mSELECT "cats".* FROM "cats"[0m
  ↳ app/controllers/cats_controller.rb:6
Completed 200 OK in 3ms (Views: 1.8ms | ActiveRecord: 0.4ms)


Started GET "/cats?id=1" for 127.0.0.1 at 2018-09-11 15:06:08 -0700
Processing by CatsController#index as */*
  Parameters: {"id"=>"1"}
  [1m[36mCat Load (0.6ms)[0m  [1m[34mSELECT "cats".* FROM "cats"[0m
  ↳ app/controllers/cats_controller.rb:6
Completed 200 OK in 4ms (Views: 2.3ms | ActiveRecord: 0.6ms)


Started GET "/cats/1" for 127.0.0.1 at 2018-09-11 15:09:36 -0700
Processing by CatsController#show as */*
  Parameters: {"id"=>"1"}
  [1m[36mCat Load (33.7ms)[0m  [1m[34mSELECT  "cats".* FROM "cats" WHERE "cats"."id" = $1 LIMIT $2[0m  [["id", 1], ["LIMIT", 1]]
  ↳ app/controllers/cats_controller.rb:10
  [1m[36mCACHE Cat Load (0.0ms)[0m  [1m[34mSELECT  "cats".* FROM "cats" WHERE "cats"."id" = $1 LIMIT $2[0m  [["id", 1], ["LIMIT", 1]]
  ↳ app/controllers/cats_controller.rb:11
Completed 500 Internal Server Error in 160ms (ActiveRecord: 34.0ms)



ActionView::MissingTemplate - Missing template cats/cat, application/cat with {:locale=>[:en], :formats=>[:html, :text, :js, :css, :ics, :csv, :vcf, :vtt, :png, :jpeg, :gif, :bmp, :tiff, :svg, :mpeg, :mp3, :ogg, :m4a, :webm, :mp4, :otf, :ttf, :woff, :woff2, :xml, :rss, :atom, :yaml, :multipart_form, :url_encoded_form, :json, :pdf, :zip, :gzip], :variants=>[], :handlers=>[:raw, :erb, :html, :builder, :ruby, :coffee, :jbuilder]}. Searched in:
  * "/Users/appacademy/Desktop/W4D2/my_99_cats/app/views"
:
  app/controllers/cats_controller.rb:12:in `show'

Started GET "/cats/1" for 127.0.0.1 at 2018-09-11 15:11:42 -0700
Processing by CatsController#show as */*
  Parameters: {"id"=>"1"}
  [1m[36mCat Load (0.4ms)[0m  [1m[34mSELECT  "cats".* FROM "cats" WHERE "cats"."id" = $1 LIMIT $2[0m  [["id", 1], ["LIMIT", 1]]
  ↳ app/controllers/cats_controller.rb:10
  [1m[36mCACHE Cat Load (0.0ms)[0m  [1m[34mSELECT  "cats".* FROM "cats" WHERE "cats"."id" = $1 LIMIT $2[0m  [["id", 1], ["LIMIT", 1]]
  ↳ app/controllers/cats_controller.rb:11
Completed 200 OK in 45ms (Views: 0.5ms | ActiveRecord: 6.3ms)


Started GET "/cats/2" for 127.0.0.1 at 2018-09-11 15:11:50 -0700
Processing by CatsController#show as */*
  Parameters: {"id"=>"2"}
  [1m[36mCat Load (0.6ms)[0m  [1m[34mSELECT  "cats".* FROM "cats" WHERE "cats"."id" = $1 LIMIT $2[0m  [["id", 2], ["LIMIT", 1]]
  ↳ app/controllers/cats_controller.rb:10
  [1m[36mCACHE Cat Load (0.0ms)[0m  [1m[34mSELECT  "cats".* FROM "cats" WHERE "cats"."id" = $1 LIMIT $2[0m  [["id", 2], ["LIMIT", 1]]
  ↳ app/controllers/cats_controller.rb:11
Completed 200 OK in 4ms (Views: 0.6ms | ActiveRecord: 0.7ms)


Started GET "/cats/2" for 127.0.0.1 at 2018-09-11 15:16:01 -0700
Processing by CatsController#show as */*
  Parameters: {"id"=>"2"}
  [1m[36mCat Load (0.4ms)[0m  [1m[34mSELECT  "cats".* FROM "cats" WHERE "cats"."id" = $1 LIMIT $2[0m  [["id", 2], ["LIMIT", 1]]
  ↳ app/controllers/cats_controller.rb:10
  [1m[36mCACHE Cat Load (0.0ms)[0m  [1m[34mSELECT  "cats".* FROM "cats" WHERE "cats"."id" = $1 LIMIT $2[0m  [["id", 2], ["LIMIT", 1]]
  ↳ app/controllers/cats_controller.rb:11
Completed 200 OK in 18ms (Views: 0.5ms | ActiveRecord: 6.0ms)


Started GET "/cats/2" for 127.0.0.1 at 2018-09-11 15:16:42 -0700
Processing by CatsController#show as */*
  Parameters: {"id"=>"2"}
  [1m[36mCat Load (0.4ms)[0m  [1m[34mSELECT  "cats".* FROM "cats" WHERE "cats"."id" = $1 LIMIT $2[0m  [["id", 2], ["LIMIT", 1]]
  ↳ app/controllers/cats_controller.rb:10
  [1m[36mCACHE Cat Load (0.0ms)[0m  [1m[34mSELECT  "cats".* FROM "cats" WHERE "cats"."id" = $1 LIMIT $2[0m  [["id", 2], ["LIMIT", 1]]
  ↳ app/controllers/cats_controller.rb:11
  Rendering cats/show.html.erb within layouts/application
  Rendered cats/show.html.erb within layouts/application (0.5ms)
Completed 200 OK in 120ms (Views: 64.3ms | ActiveRecord: 5.8ms)


Started GET "/cats/2" for 127.0.0.1 at 2018-09-11 15:37:40 -0700
Processing by CatsController#show as */*
  Parameters: {"id"=>"2"}
  [1m[36mCat Load (1.6ms)[0m  [1m[34mSELECT  "cats".* FROM "cats" WHERE "cats"."id" = $1 LIMIT $2[0m  [["id", 2], ["LIMIT", 1]]
  ↳ app/controllers/cats_controller.rb:10
  [1m[36mCACHE Cat Load (0.0ms)[0m  [1m[34mSELECT  "cats".* FROM "cats" WHERE "cats"."id" = $1 LIMIT $2[0m  [["id", 2], ["LIMIT", 1]]
  ↳ app/controllers/cats_controller.rb:11
  Rendering cats/show.html.erb within layouts/application
  Rendered cats/show.html.erb within layouts/application (9.4ms)
Completed 200 OK in 104ms (Views: 99.5ms | ActiveRecord: 1.7ms)


Started GET "/cats/1" for 127.0.0.1 at 2018-09-11 15:38:09 -0700
Processing by CatsController#show as */*
  Parameters: {"id"=>"1"}
  [1m[36mCat Load (0.6ms)[0m  [1m[34mSELECT  "cats".* FROM "cats" WHERE "cats"."id" = $1 LIMIT $2[0m  [["id", 1], ["LIMIT", 1]]
  ↳ app/controllers/cats_controller.rb:10
  [1m[36mCACHE Cat Load (0.0ms)[0m  [1m[34mSELECT  "cats".* FROM "cats" WHERE "cats"."id" = $1 LIMIT $2[0m  [["id", 1], ["LIMIT", 1]]
  ↳ app/controllers/cats_controller.rb:11
  Rendering cats/show.html.erb within layouts/application
  Rendered cats/show.html.erb within layouts/application (0.9ms)
Completed 200 OK in 108ms (Views: 104.6ms | ActiveRecord: 0.6ms)


Started GET "/cats/1" for 127.0.0.1 at 2018-09-11 15:38:52 -0700
Processing by CatsController#show as */*
  Parameters: {"id"=>"1"}
  [1m[36mCat Load (0.6ms)[0m  [1m[34mSELECT  "cats".* FROM "cats" WHERE "cats"."id" = $1 LIMIT $2[0m  [["id", 1], ["LIMIT", 1]]
  ↳ app/controllers/cats_controller.rb:10
  [1m[36mCACHE Cat Load (0.0ms)[0m  [1m[34mSELECT  "cats".* FROM "cats" WHERE "cats"."id" = $1 LIMIT $2[0m  [["id", 1], ["LIMIT", 1]]
  ↳ app/controllers/cats_controller.rb:11
  Rendering cats/show.html.erb within layouts/application
  Rendered cats/show.html.erb within layouts/application (0.8ms)
Completed 200 OK in 49ms (Views: 46.3ms | ActiveRecord: 0.6ms)


Started GET "/cats/1" for 127.0.0.1 at 2018-09-11 15:41:13 -0700
Processing by CatsController#show as */*
  Parameters: {"id"=>"1"}
  [1m[36mCat Load (0.7ms)[0m  [1m[34mSELECT  "cats".* FROM "cats" WHERE "cats"."id" = $1 LIMIT $2[0m  [["id", 1], ["LIMIT", 1]]
  ↳ app/controllers/cats_controller.rb:10
  [1m[36mCACHE Cat Load (0.0ms)[0m  [1m[34mSELECT  "cats".* FROM "cats" WHERE "cats"."id" = $1 LIMIT $2[0m  [["id", 1], ["LIMIT", 1]]
  ↳ app/controllers/cats_controller.rb:11
  Rendering cats/show.html.erb within layouts/application
  Rendered cats/show.html.erb within layouts/application (0.9ms)
Completed 200 OK in 126ms (Views: 114.0ms | ActiveRecord: 0.7ms)


Started GET "/cats/1" for 127.0.0.1 at 2018-09-11 15:41:38 -0700
Processing by CatsController#show as */*
  Parameters: {"id"=>"1"}
  [1m[36mCat Load (0.5ms)[0m  [1m[34mSELECT  "cats".* FROM "cats" WHERE "cats"."id" = $1 LIMIT $2[0m  [["id", 1], ["LIMIT", 1]]
  ↳ app/controllers/cats_controller.rb:10
  [1m[36mCACHE Cat Load (0.0ms)[0m  [1m[34mSELECT  "cats".* FROM "cats" WHERE "cats"."id" = $1 LIMIT $2[0m  [["id", 1], ["LIMIT", 1]]
  ↳ app/controllers/cats_controller.rb:11
  Rendering cats/show.html.erb within layouts/application
  Rendered cats/show.html.erb within layouts/application (0.7ms)
Completed 200 OK in 35ms (Views: 31.8ms | ActiveRecord: 0.6ms)


Started GET "/cats/new" for 127.0.0.1 at 2018-09-11 16:26:31 -0700

SyntaxError - syntax error, unexpected ':', expecting keyword_end
    render: new
          ^:
  app/controllers/cats_controller.rb:22:in `'

Started GET "/cats/new" for 127.0.0.1 at 2018-09-11 16:27:15 -0700
Processing by CatsController#new as */*
  Rendering cats/new.html.erb within layouts/application
  Rendered cats/new.html.erb within layouts/application (0.4ms)
Completed 200 OK in 63ms (Views: 62.8ms | ActiveRecord: 0.0ms)


Started GET "/cats/new" for 127.0.0.1 at 2018-09-11 16:36:38 -0700
Processing by CatsController#new as */*
  Rendering cats/new.html.erb within layouts/application
  Rendered cats/new.html.erb within layouts/application (0.7ms)
Completed 200 OK in 56ms (Views: 55.2ms | ActiveRecord: 0.0ms)


Started GET "/cats/new" for 127.0.0.1 at 2018-09-11 16:37:46 -0700
Processing by CatsController#new as */*
  Rendering cats/new.html.erb within layouts/application
  Rendered cats/new.html.erb within layouts/application (1.0ms)
Completed 200 OK in 143ms (Views: 141.8ms | ActiveRecord: 0.0ms)


Started GET "/cats/new" for 127.0.0.1 at 2018-09-11 16:39:59 -0700
Processing by CatsController#new as */*
  Rendering cats/new.html.erb within layouts/application
  Rendered cats/new.html.erb within layouts/application (1.7ms)
Completed 200 OK in 94ms (Views: 93.0ms | ActiveRecord: 0.0ms)


Started GET "/cats/new" for 127.0.0.1 at 2018-09-11 16:40:19 -0700
Processing by CatsController#new as */*
  Rendering cats/new.html.erb within layouts/application
  Rendered cats/new.html.erb within layouts/application (0.4ms)
Completed 200 OK in 85ms (Views: 84.6ms | ActiveRecord: 0.0ms)


Started GET "/cats/new" for 127.0.0.1 at 2018-09-11 16:41:07 -0700
Processing by CatsController#new as */*
  Rendering cats/new.html.erb within layouts/application
  Rendered cats/new.html.erb within layouts/application (0.5ms)
Completed 200 OK in 48ms (Views: 47.0ms | ActiveRecord: 0.0ms)


Started GET "/cats/new" for 127.0.0.1 at 2018-09-11 16:42:37 -0700
Processing by CatsController#new as */*
  Rendering cats/new.html.erb within layouts/application
  Rendered cats/new.html.erb within layouts/application (1.4ms)
Completed 200 OK in 60ms (Views: 58.0ms | ActiveRecord: 0.0ms)


Started GET "/cats/new" for 127.0.0.1 at 2018-09-11 16:43:14 -0700
Processing by CatsController#new as */*
  Rendering cats/new.html.erb within layouts/application
  Rendered cats/new.html.erb within layouts/application (0.8ms)
Completed 200 OK in 85ms (Views: 84.6ms | ActiveRecord: 0.0ms)


Started GET "/cats/new" for 127.0.0.1 at 2018-09-11 16:54:46 -0700
Processing by CatsController#new as */*
  Rendering cats/new.html.erb within layouts/application
  Rendered cats/new.html.erb within layouts/application (129.0ms)
Completed 200 OK in 190ms (Views: 189.9ms | ActiveRecord: 0.0ms)


Started GET "/cats/new" for 127.0.0.1 at 2018-09-11 16:55:36 -0700
Processing by CatsController#new as */*
  Rendering cats/new.html.erb within layouts/application
  Rendered cats/new.html.erb within layouts/application (0.9ms)
Completed 200 OK in 57ms (Views: 56.5ms | ActiveRecord: 0.0ms)


Started GET "/cats/new" for 127.0.0.1 at 2018-09-11 16:57:50 -0700
Processing by CatsController#new as */*
  Rendering cats/new.html.erb within layouts/application
  Rendered cats/new.html.erb within layouts/application (1.1ms)
Completed 200 OK in 77ms (Views: 76.2ms | ActiveRecord: 0.0ms)


Started GET "/cats/new" for 127.0.0.1 at 2018-09-11 16:58:28 -0700
Processing by CatsController#new as */*
  Rendering cats/new.html.erb within layouts/application
  Rendered cats/new.html.erb within layouts/application (0.8ms)
Completed 200 OK in 47ms (Views: 46.4ms | ActiveRecord: 0.0ms)


Started GET "/cats/new" for 127.0.0.1 at 2018-09-11 17:16:00 -0700
Processing by CatsController#new as */*
  Rendering cats/new.html.erb within layouts/application
  Rendered cats/new.html.erb within layouts/application (0.7ms)
Completed 200 OK in 59ms (Views: 58.5ms | ActiveRecord: 0.0ms)


Started GET "/cats/new" for 127.0.0.1 at 2018-09-11 17:16:57 -0700
Processing by CatsController#new as */*
  Rendering cats/new.html.erb within layouts/application
  Rendered cats/new.html.erb within layouts/application (0.5ms)
Completed 200 OK in 98ms (Views: 96.9ms | ActiveRecord: 0.0ms)


Started GET "/cats/new" for 127.0.0.1 at 2018-09-11 17:17:21 -0700
Processing by CatsController#new as */*
  Rendering cats/new.html.erb within layouts/application
  Rendered cats/new.html.erb within layouts/application (0.5ms)
Completed 200 OK in 57ms (Views: 56.9ms | ActiveRecord: 0.0ms)


Started GET "/cats/new" for 127.0.0.1 at 2018-09-11 17:18:05 -0700
Processing by CatsController#new as */*
  Rendering cats/new.html.erb within layouts/application
  Rendered cats/new.html.erb within layouts/application (0.6ms)
Completed 200 OK in 82ms (Views: 81.2ms | ActiveRecord: 0.0ms)


Started GET "/cats/new" for 127.0.0.1 at 2018-09-11 17:18:28 -0700
Processing by CatsController#new as */*
  Rendering cats/new.html.erb within layouts/application
  Rendered cats/new.html.erb within layouts/application (0.8ms)
Completed 200 OK in 45ms (Views: 43.6ms | ActiveRecord: 0.0ms)


Started GET "/cats/new" for 127.0.0.1 at 2018-09-11 17:23:47 -0700
Processing by CatsController#new as */*
  Rendering cats/new.html.erb within layouts/application
  Rendered cats/new.html.erb within layouts/application (0.6ms)
Completed 200 OK in 63ms (Views: 61.8ms | ActiveRecord: 0.0ms)


Started GET "/cats/new" for 127.0.0.1 at 2018-09-11 17:25:37 -0700
Processing by CatsController#new as */*
  Rendering cats/new.html.erb within layouts/application
  Rendered cats/new.html.erb within layouts/application (0.7ms)
Completed 200 OK in 60ms (Views: 58.6ms | ActiveRecord: 0.0ms)


Started GET "/cats/new" for 127.0.0.1 at 2018-09-11 17:27:32 -0700
Processing by CatsController#new as */*
  Rendering cats/new.html.erb within layouts/application
  Rendered cats/new.html.erb within layouts/application (0.5ms)
Completed 200 OK in 80ms (Views: 78.4ms | ActiveRecord: 0.0ms)


Started GET "/cats/new" for 127.0.0.1 at 2018-09-11 17:30:05 -0700
Processing by CatsController#new as */*
  Rendering cats/new.html.erb within layouts/application
  Rendered cats/new.html.erb within layouts/application (0.5ms)
Completed 200 OK in 46ms (Views: 45.8ms | ActiveRecord: 0.0ms)


